Using pre-set license
Built from '2021.2/staging' branch; Version is '2021.2.13f1 (90b6766da538) revision 9483894'; Using compiler version '192829333'; Build Type 'Release'
OS: 'Windows 10  (10.0.19044) 64bit Core' Language: 'en' Physical Memory: 65426 MB
BatchMode: 1, IsHumanControllingUs: 0, StartBugReporterOnCrash: 0, Is64bit: 1, IsPro: 1

COMMAND LINE ARGUMENTS:
C:\Program Files\Unity\Hub\Editor\2021.2.13f1\Editor\Unity.exe
-adb2
-batchMode
-noUpm
-name
AssetImportWorker0
-projectPath
D:/GitHub/gecko-prince
-logFile
Logs/AssetImportWorker0.log
-srvPort
7016
Successfully changed project path to: D:/GitHub/gecko-prince
D:/GitHub/gecko-prince
[UnityMemory] Configuration Parameters - Can be set up in boot.config
    "memorysetup-bucket-allocator-granularity=16"
    "memorysetup-bucket-allocator-bucket-count=8"
    "memorysetup-bucket-allocator-block-size=33554432"
    "memorysetup-bucket-allocator-block-count=8"
    "memorysetup-main-allocator-block-size=16777216"
    "memorysetup-thread-allocator-block-size=16777216"
    "memorysetup-gfx-main-allocator-block-size=16777216"
    "memorysetup-gfx-thread-allocator-block-size=16777216"
    "memorysetup-cache-allocator-block-size=4194304"
    "memorysetup-typetree-allocator-block-size=2097152"
    "memorysetup-profiler-bucket-allocator-granularity=16"
    "memorysetup-profiler-bucket-allocator-bucket-count=8"
    "memorysetup-profiler-bucket-allocator-block-size=33554432"
    "memorysetup-profiler-bucket-allocator-block-count=8"
    "memorysetup-profiler-allocator-block-size=16777216"
    "memorysetup-profiler-editor-allocator-block-size=1048576"
    "memorysetup-temp-allocator-size-main=16777216"
    "memorysetup-job-temp-allocator-block-size=2097152"
    "memorysetup-job-temp-allocator-block-size-background=1048576"
    "memorysetup-job-temp-allocator-reduction-small-platforms=262144"
    "memorysetup-temp-allocator-size-background-worker=32768"
    "memorysetup-temp-allocator-size-job-worker=262144"
    "memorysetup-temp-allocator-size-preload-manager=33554432"
    "memorysetup-temp-allocator-size-nav-mesh-worker=65536"
    "memorysetup-temp-allocator-size-audio-worker=65536"
    "memorysetup-temp-allocator-size-cloud-worker=32768"
    "memorysetup-temp-allocator-size-gi-baking-worker=262144"
    "memorysetup-temp-allocator-size-gfx=262144"
Refreshing native plugins compatible for Editor in 97.78 ms, found 11 plugins.
Preloading 1 native plugins for Editor in 0.65 ms.
Initialize engine version: 2021.2.13f1 (90b6766da538)
[Subsystems] Discovering subsystems at path C:/Program Files/Unity/Hub/Editor/2021.2.13f1/Editor/Data/Resources/UnitySubsystems
[Subsystems] Discovering subsystems at path D:/GitHub/gecko-prince/Assets
GfxDevice: creating device client; threaded=0; jobified=0
Direct3D:
    Version:  Direct3D 11.0 [level 11.1]
    Renderer: AMD Radeon RX 6800 (ID=0x73bf)
    Vendor:   ATI
    VRAM:     15993 MB
    Driver:   30.0.14029.5006
Initialize mono
Mono path[0] = 'C:/Program Files/Unity/Hub/Editor/2021.2.13f1/Editor/Data/Managed'
Mono path[1] = 'C:/Program Files/Unity/Hub/Editor/2021.2.13f1/Editor/Data/MonoBleedingEdge/lib/mono/unityjit-win32'
Mono config path = 'C:/Program Files/Unity/Hub/Editor/2021.2.13f1/Editor/Data/MonoBleedingEdge/etc'
Using monoOptions --debugger-agent=transport=dt_socket,embedding=1,server=y,suspend=n,address=127.0.0.1:56704
Begin MonoManager ReloadAssembly
Registering precompiled unity dll's ...
Register platform support module: C:/Program Files/Unity/Hub/Editor/2021.2.13f1/Editor/Data/PlaybackEngines/AndroidPlayer/UnityEditor.Android.Extensions.dll
Register platform support module: C:/Program Files/Unity/Hub/Editor/2021.2.13f1/Editor/Data/PlaybackEngines/WindowsStandaloneSupport/UnityEditor.WindowsStandalone.Extensions.dll
Registered in 0.007132 seconds.
Native extension for WindowsStandalone target not found
Native extension for Android target not found
Refreshing native plugins compatible for Editor in 93.64 ms, found 11 plugins.
Preloading 1 native plugins for Editor in 0.16 ms.
Mono: successfully reloaded assembly
- Completed reload, in  0.575 seconds
Domain Reload Profiling:
	ReloadAssembly (575ms)
		BeginReloadAssembly (57ms)
			ExecutionOrderSort (0ms)
			DisableScriptedObjects (0ms)
			BackupInstance (0ms)
			ReleaseScriptingObjects (0ms)
			CreateAndSetChildDomain (1ms)
		EndReloadAssembly (425ms)
			LoadAssemblies (55ms)
			RebuildTransferFunctionScriptingTraits (0ms)
			SetupTypeCache (88ms)
			ReleaseScriptCaches (0ms)
			RebuildScriptCaches (26ms)
			SetupLoadedEditorAssemblies (268ms)
				LogAssemblyErrors (0ms)
				InitializePlatformSupportModulesInManaged (48ms)
				SetLoadedEditorAssemblies (0ms)
				RefreshPlugins (94ms)
				BeforeProcessingInitializeOnLoad (1ms)
				ProcessInitializeOnLoadAttributes (88ms)
				ProcessInitializeOnLoadMethodAttributes (37ms)
				AfterProcessingInitializeOnLoad (0ms)
				EditorAssembliesLoaded (0ms)
			ExecutionOrderSort2 (0ms)
			AwakeInstancesAfterBackupRestoration (0ms)
Platform modules already initialized, skipping
Registering precompiled user dll's ...
Registered in 0.007411 seconds.
Begin MonoManager ReloadAssembly
Symbol file LoadedFromMemory doesn't match image D:\GitHub\gecko-prince\Library\PackageCache\com.unity.visualscripting@1.7.7\Editor\VisualScripting.Core\Dependencies\DotNetZip\Unity.VisualScripting.IonicZip.dll
Symbol file LoadedFromMemory doesn't match image D:\GitHub\gecko-prince\Library\PackageCache\com.unity.visualscripting@1.7.7\Editor\VisualScripting.Core\Dependencies\YamlDotNet\Unity.VisualScripting.YamlDotNet.dll
Native extension for WindowsStandalone target not found
Native extension for Android target not found
Refreshing native plugins compatible for Editor in 92.02 ms, found 11 plugins.
Preloading 1 native plugins for Editor in 0.04 ms.
Package Manager log level set to [2]
System.Reflection.TargetInvocationException: Exception has been thrown by the target of an invocation. ---> System.NullReferenceException: Object reference not set to an instance of an object
  at Unity.XR.Oculus.OculusLoader.AssetPathToAbsolutePath (System.String assetPath) [0x00040] in D:\GitHub\gecko-prince\Library\PackageCache\com.unity.xr.oculus@1.11.2\Runtime\OculusLoader.cs:250 
  at Unity.XR.Oculus.OculusLoader.EditorLoadOVRPlugin () [0x0007b] in D:\GitHub\gecko-prince\Library\PackageCache\com.unity.xr.oculus@1.11.2\Runtime\OculusLoader.cs:235 
  at (wrapper managed-to-native) System.Reflection.RuntimeMethodInfo.InternalInvoke(System.Reflection.RuntimeMethodInfo,object,object[],System.Exception&)
  at System.Reflection.RuntimeMethodInfo.Invoke (System.Object obj, System.Reflection.BindingFlags invokeAttr, System.Reflection.Binder binder, System.Object[] parameters, System.Globalization.CultureInfo culture) [0x0006a] in <7b935204f5ff4bcab44b3b0ebca330bf>:0 
   --- End of inner exception stack trace ---
  at System.Reflection.RuntimeMethodInfo.Invoke (System.Object obj, System.Reflection.BindingFlags invokeAttr, System.Reflection.Binder binder, System.Object[] parameters, System.Globalization.CultureInfo culture) [0x00083] in <7b935204f5ff4bcab44b3b0ebca330bf>:0 
  at System.Reflection.MethodBase.Invoke (System.Object obj, System.Object[] parameters) [0x00000] in <7b935204f5ff4bcab44b3b0ebca330bf>:0 
  at UnityEditor.EditorAssemblies.ProcessInitializeOnLoadMethodAttributes () [0x000a5] in <db8aad8fcedd4e11ba6ba696cb8802a7>:0 
UnityEngine.StackTraceUtility:ExtractStackTrace ()
UnityEngine.DebugLogHandler:LogFormat (UnityEngine.LogType,UnityEngine.Object,string,object[])
UnityEngine.Logger:Log (UnityEngine.LogType,object)
UnityEngine.Debug:LogError (object)
UnityEditor.EditorAssemblies:ProcessInitializeOnLoadMethodAttributes ()

Mono: successfully reloaded assembly
- Completed reload, in  1.713 seconds
Domain Reload Profiling:
	ReloadAssembly (1714ms)
		BeginReloadAssembly (218ms)
			ExecutionOrderSort (0ms)
			DisableScriptedObjects (5ms)
			BackupInstance (0ms)
			ReleaseScriptingObjects (0ms)
			CreateAndSetChildDomain (143ms)
		EndReloadAssembly (1415ms)
			LoadAssemblies (75ms)
			RebuildTransferFunctionScriptingTraits (0ms)
			SetupTypeCache (271ms)
			ReleaseScriptCaches (1ms)
			RebuildScriptCaches (56ms)
			SetupLoadedEditorAssemblies (970ms)
				LogAssemblyErrors (0ms)
				InitializePlatformSupportModulesInManaged (16ms)
				SetLoadedEditorAssemblies (0ms)
				RefreshPlugins (92ms)
				BeforeProcessingInitializeOnLoad (98ms)
				ProcessInitializeOnLoadAttributes (683ms)
				ProcessInitializeOnLoadMethodAttributes (74ms)
				AfterProcessingInitializeOnLoad (7ms)
				EditorAssembliesLoaded (0ms)
			ExecutionOrderSort2 (0ms)
			AwakeInstancesAfterBackupRestoration (4ms)
Platform modules already initialized, skipping
========================================================================
Worker process is ready to serve import requests
Launched and connected shader compiler UnityShaderCompiler.exe after 0.05 seconds
Refreshing native plugins compatible for Editor in 0.87 ms, found 11 plugins.
Preloading 1 native plugins for Editor in 0.04 ms.
Unloading 5917 Unused Serialized files (Serialized files now loaded: 0)
Unloading 58 unused Assets / (0.7 MB). Loaded Objects now: 6362.
Memory consumption went from 230.2 MB to 229.5 MB.
Total: 3.587800 ms (FindLiveObjects: 0.398900 ms CreateObjectMapping: 0.447100 ms MarkObjects: 2.513600 ms  DeleteObjects: 0.227100 ms)

AssetImportParameters requested are different than current active one (requested -> active):
  custom:video-decoder-ogg-theora: a1e56fd34408186e4bbccfd4996cb3dc -> 
  custom:container-muxer-webm: aa71ff27fc2769a1b78a27578f13a17b -> 
  custom:container-demuxer-webm: 4f35f7cbe854078d1ac9338744f61a02 -> 
  custom:video-encoder-webm-vp8: eb34c28f22e8b96e1ab97ce403110664 -> 
  custom:video-codec-MediaFoundation-h265: 746d11721c4dcdbdad8f713fa42b33f4 -> 
  custom:audio-encoder-webm-vorbis: bf7c407c2cedff20999df2af8eb42d56 -> 
  custom:framework-win-MediaFoundation: 216162199b28c13a410421893ffa2e32 -> 
  custom:container-demuxer-ogg: 62fdf1f143b41e24485cea50d1cbac27 -> 
  custom:video-decoder-webm-vp8: 9c59270c3fd7afecdb556c50c9e8de78 -> 
  custom:audio-decoder-ogg-vorbis: bf7c407c2cedff20999df2af8eb42d56 -> 
========================================================================
Received Import Request.
  Time since last request: 37034.883078 seconds.
  path: Assets/ExampleAssets/Materials/Transparent_Plastic_Yellow.mat
  artifactKey: Guid(5fb342050f75e8040b73e2086d775a1c) Importer(815301076,1909f56bfc062723c751e8b465ee728b)
Start importing Assets/ExampleAssets/Materials/Transparent_Plastic_Yellow.mat using Guid(5fb342050f75e8040b73e2086d775a1c) Importer(815301076,1909f56bfc062723c751e8b465ee728b)  -> (artifact id: 'e529d7299c85b45f0712134b5b9ed6ca') in 0.211109 seconds 
========================================================================
Received Import Request.
  Time since last request: 189.036587 seconds.
  path: Assets/Sounds/Pop.wav
  artifactKey: Guid(4fc4345360a48d14db99ccd56046a3e6) Importer(815301076,1909f56bfc062723c751e8b465ee728b)
Start importing Assets/Sounds/Pop.wav using Guid(4fc4345360a48d14db99ccd56046a3e6) Importer(815301076,1909f56bfc062723c751e8b465ee728b)  -> (artifact id: 'dcc5e8e14ec12dd03c96c15d09d6dc84') in 0.043268 seconds 
========================================================================
Received Import Request.
  Time since last request: 10.225011 seconds.
  path: Assets/Sounds/Wednesday.wav
  artifactKey: Guid(438617c3e6b1ae640aafcca9892a2ef2) Importer(815301076,1909f56bfc062723c751e8b465ee728b)
Start importing Assets/Sounds/Wednesday.wav using Guid(438617c3e6b1ae640aafcca9892a2ef2) Importer(815301076,1909f56bfc062723c751e8b465ee728b)  -> (artifact id: '50d93cc8fb04a3ac53a6185dc5e81b23') in 0.008532 seconds 
========================================================================
Received Import Request.
  Time since last request: 81.180617 seconds.
  path: Assets/Model Imports/source
  artifactKey: Guid(ef3982018a99d0e41ae4854446976295) Importer(815301076,1909f56bfc062723c751e8b465ee728b)
Start importing Assets/Model Imports/source using Guid(ef3982018a99d0e41ae4854446976295) Importer(815301076,1909f56bfc062723c751e8b465ee728b)  -> (artifact id: '493fc4693f58b76fef186c0998d6642a') in 0.004013 seconds 
========================================================================
Received Import Request.
  Time since last request: 0.074883 seconds.
  path: Assets/Model Imports/source/3D_wednesday.fbx
  artifactKey: Guid(363bafa898127834197c73588562dbc7) Importer(815301076,1909f56bfc062723c751e8b465ee728b)
Start importing Assets/Model Imports/source/3D_wednesday.fbx using Guid(363bafa898127834197c73588562dbc7) Importer(815301076,1909f56bfc062723c751e8b465ee728b)  -> (artifact id: '9f33f1064e9a6812d1ed50c5ea791b9e') in 0.096916 seconds 
========================================================================
Received Import Request.
  Time since last request: 38.447962 seconds.
  path: Assets/Model Imports/textures/SPDD3R2.jpg
  artifactKey: Guid(ec99d517830ed694d8924588c6811ad9) Importer(815301076,1909f56bfc062723c751e8b465ee728b)
Start importing Assets/Model Imports/textures/SPDD3R2.jpg using Guid(ec99d517830ed694d8924588c6811ad9) Importer(815301076,1909f56bfc062723c751e8b465ee728b)  -> (artifact id: 'b73eeb342ecf3c78cf5b130dab041ced') in 0.037269 seconds 
========================================================================
Received Import Request.
  Time since last request: 1053.501875 seconds.
  path: Assets/Model Imports/source/3D_wednesday.fbx
  artifactKey: Guid(363bafa898127834197c73588562dbc7) Importer(815301076,1909f56bfc062723c751e8b465ee728b)
Start importing Assets/Model Imports/source/3D_wednesday.fbx using Guid(363bafa898127834197c73588562dbc7) Importer(815301076,1909f56bfc062723c751e8b465ee728b)  -> (artifact id: '971b95843de464e34428667be276aafb') in 0.031937 seconds 
========================================================================
Received Import Request.
  Time since last request: 5.155464 seconds.
  path: Assets/Model Imports/source/Materials
  artifactKey: Guid(a58ae38ece0df5c4da8d1f3609d8245f) Importer(815301076,1909f56bfc062723c751e8b465ee728b)
Start importing Assets/Model Imports/source/Materials using Guid(a58ae38ece0df5c4da8d1f3609d8245f) Importer(815301076,1909f56bfc062723c751e8b465ee728b)  -> (artifact id: '83f28eb37e9373ad19a3103d7b190acf') in 0.003585 seconds 
========================================================================
Received Import Request.
  Time since last request: 0.103270 seconds.
  path: Assets/Model Imports/source/Materials/(null).mat
  artifactKey: Guid(9b09400f0c19c5f449a385ff69f3faef) Importer(815301076,1909f56bfc062723c751e8b465ee728b)
Start importing Assets/Model Imports/source/Materials/(null).mat using Guid(9b09400f0c19c5f449a385ff69f3faef) Importer(815301076,1909f56bfc062723c751e8b465ee728b)  -> (artifact id: 'e7fc1277b6ecb68a9dd2a14c97bd3bc7') in 0.024742 seconds 
========================================================================
Received Import Request.
  Time since last request: 111.130701 seconds.
  path: Assets/Model Imports/Materials/SPDD3R2.mat
  artifactKey: Guid(06ad7c40a78c8044cb849de51c6d9405) Importer(815301076,1909f56bfc062723c751e8b465ee728b)
Start importing Assets/Model Imports/Materials/SPDD3R2.mat using Guid(06ad7c40a78c8044cb849de51c6d9405) Importer(815301076,1909f56bfc062723c751e8b465ee728b)  -> (artifact id: 'b33a8b87469ba8f68e28f03f1b90032b') in 0.009489 seconds 
========================================================================
Received Import Request.
  Time since last request: 18.216926 seconds.
  path: Assets/Model Imports
  artifactKey: Guid(14a2f7cc79ff2964496addc3354ccbd8) Importer(815301076,1909f56bfc062723c751e8b465ee728b)
Start importing Assets/Model Imports using Guid(14a2f7cc79ff2964496addc3354ccbd8) Importer(815301076,1909f56bfc062723c751e8b465ee728b)  -> (artifact id: 'c3dac8c293a85bdff8cf75d2382bb350') in 0.003865 seconds 
========================================================================
Received Import Request.
  Time since last request: 4.342088 seconds.
  path: Assets/Model Imports/Frog
  artifactKey: Guid(96b85b86a86fd0c4b9e8beb9a6b68108) Importer(815301076,1909f56bfc062723c751e8b465ee728b)
Start importing Assets/Model Imports/Frog using Guid(96b85b86a86fd0c4b9e8beb9a6b68108) Importer(815301076,1909f56bfc062723c751e8b465ee728b)  -> (artifact id: '5a445480a24617d74849aa57cea70780') in 0.003650 seconds 
========================================================================
Received Import Request.
  Time since last request: 80.194489 seconds.
  path: Assets/Model Imports/Frog/source
  artifactKey: Guid(6d52714377e0cb642b9763cdca04ebae) Importer(815301076,1909f56bfc062723c751e8b465ee728b)
Start importing Assets/Model Imports/Frog/source using Guid(6d52714377e0cb642b9763cdca04ebae) Importer(815301076,1909f56bfc062723c751e8b465ee728b)  -> (artifact id: '0326e0d2e905d8574d279f1d1077f9a7') in 0.001241 seconds 
========================================================================
Received Import Request.
  Time since last request: 0.128866 seconds.
  path: Assets/Model Imports/Frog/source/3D_wednesday.fbx
  artifactKey: Guid(27f4ddb3b933d97408e1dbb9b1dcd306) Importer(815301076,1909f56bfc062723c751e8b465ee728b)
Start importing Assets/Model Imports/Frog/source/3D_wednesday.fbx using Guid(27f4ddb3b933d97408e1dbb9b1dcd306) Importer(815301076,1909f56bfc062723c751e8b465ee728b)  -> (artifact id: '73a873858d50fc9866726133e9b00085') in 0.031365 seconds 
========================================================================
Received Import Request.
  Time since last request: 11.721091 seconds.
  path: Assets/Model Imports/Frog/textures/SPDD3R2.jpg
  artifactKey: Guid(9623abb5ffb944049b4866333ba9139a) Importer(815301076,1909f56bfc062723c751e8b465ee728b)
Start importing Assets/Model Imports/Frog/textures/SPDD3R2.jpg using Guid(9623abb5ffb944049b4866333ba9139a) Importer(815301076,1909f56bfc062723c751e8b465ee728b)  -> (artifact id: 'e29bc85bb33c3b1afd2eaf63002fffa0') in 0.010434 seconds 
========================================================================
Received Import Request.
  Time since last request: 48.921335 seconds.
  path: Assets/Model Imports/Frog/source/3D_wednesday.fbx
  artifactKey: Guid(27f4ddb3b933d97408e1dbb9b1dcd306) Importer(815301076,1909f56bfc062723c751e8b465ee728b)
Start importing Assets/Model Imports/Frog/source/3D_wednesday.fbx using Guid(27f4ddb3b933d97408e1dbb9b1dcd306) Importer(815301076,1909f56bfc062723c751e8b465ee728b)  -> (artifact id: '12cd46bc9143c7a91b7651888310d1d0') in 0.027524 seconds 
========================================================================
Received Import Request.
  Time since last request: 0.056050 seconds.
  path: Assets/Model Imports/Frog/source/3D_wednesday.fbx
  artifactKey: Guid(27f4ddb3b933d97408e1dbb9b1dcd306) Importer(815301076,1909f56bfc062723c751e8b465ee728b)
Start importing Assets/Model Imports/Frog/source/3D_wednesday.fbx using Guid(27f4ddb3b933d97408e1dbb9b1dcd306) Importer(815301076,1909f56bfc062723c751e8b465ee728b)  -> (artifact id: 'c7c0b49598661bd22439365414a4ddd3') in 0.030177 seconds 
========================================================================
Received Import Request.
  Time since last request: 45.791647 seconds.
  path: Assets/Model Imports/Frog/source/3D_wednesday.fbx
  artifactKey: Guid(27f4ddb3b933d97408e1dbb9b1dcd306) Importer(815301076,1909f56bfc062723c751e8b465ee728b)
Start importing Assets/Model Imports/Frog/source/3D_wednesday.fbx using Guid(27f4ddb3b933d97408e1dbb9b1dcd306) Importer(815301076,1909f56bfc062723c751e8b465ee728b)  -> (artifact id: '5c12ba4cf5e23ff4e0e923f2d19be5f3') in 0.027863 seconds 
========================================================================
Received Import Request.
  Time since last request: 8.278975 seconds.
  path: Assets/Model Imports/Frog/source/SPDD3R2.jpg
  artifactKey: Guid(b1542a8119e2d7a4686affd435a0de5d) Importer(815301076,1909f56bfc062723c751e8b465ee728b)
Start importing Assets/Model Imports/Frog/source/SPDD3R2.jpg using Guid(b1542a8119e2d7a4686affd435a0de5d) Importer(815301076,1909f56bfc062723c751e8b465ee728b)  -> (artifact id: 'af2ecc1c656264e939ca7604f9a55d86') in 0.009767 seconds 
========================================================================
Received Import Request.
  Time since last request: 92.854864 seconds.
  path: Assets/Model Imports/Frog/source/3D_wednesday.fbx
  artifactKey: Guid(27f4ddb3b933d97408e1dbb9b1dcd306) Importer(815301076,1909f56bfc062723c751e8b465ee728b)
Start importing Assets/Model Imports/Frog/source/3D_wednesday.fbx using Guid(27f4ddb3b933d97408e1dbb9b1dcd306) Importer(815301076,1909f56bfc062723c751e8b465ee728b)  -> (artifact id: '4e1e8e0d426af4ea979542f623140715') in 0.028699 seconds 
========================================================================
Received Import Request.
  Time since last request: 23.397426 seconds.
  path: Assets/Model Imports/Frog/source/Materials/(null).mat
  artifactKey: Guid(d8781fbcd0cf6f54390254399e34849f) Importer(815301076,1909f56bfc062723c751e8b465ee728b)
Start importing Assets/Model Imports/Frog/source/Materials/(null).mat using Guid(d8781fbcd0cf6f54390254399e34849f) Importer(815301076,1909f56bfc062723c751e8b465ee728b)  -> (artifact id: 'c41f7c326cd5de200e87e6ce8d2978a8') in 0.008500 seconds 
========================================================================
Received Import Request.
  Time since last request: 0.000019 seconds.
  path: Assets/Model Imports/Frog/source/Materials/SPDD3R3.mat
  artifactKey: Guid(4bb03d8838b6f1e409e00234927b512b) Importer(815301076,1909f56bfc062723c751e8b465ee728b)
Start importing Assets/Model Imports/Frog/source/Materials/SPDD3R3.mat using Guid(4bb03d8838b6f1e409e00234927b512b) Importer(815301076,1909f56bfc062723c751e8b465ee728b)  -> (artifact id: '3869fa724266a078224c6c76d685b26f') in 0.009774 seconds 
========================================================================
Received Import Request.
  Time since last request: 69.314915 seconds.
  path: Assets/Model Imports/Frog/source/3D_wednesday.fbx
  artifactKey: Guid(27f4ddb3b933d97408e1dbb9b1dcd306) Importer(815301076,1909f56bfc062723c751e8b465ee728b)
Start importing Assets/Model Imports/Frog/source/3D_wednesday.fbx using Guid(27f4ddb3b933d97408e1dbb9b1dcd306) Importer(815301076,1909f56bfc062723c751e8b465ee728b)  -> (artifact id: 'b83fbad83efecb5c64863b8583d7798d') in 0.028720 seconds 
========================================================================
Received Import Request.
  Time since last request: 2.982834 seconds.
  path: Assets/Model Imports/Frog/source/Materials
  artifactKey: Guid(2155407645ae412489bcca1ac0490af2) Importer(815301076,1909f56bfc062723c751e8b465ee728b)
Start importing Assets/Model Imports/Frog/source/Materials using Guid(2155407645ae412489bcca1ac0490af2) Importer(815301076,1909f56bfc062723c751e8b465ee728b)  -> (artifact id: 'd8f0c25eb537c1b4d81d02fa523db6f7') in 0.001230 seconds 
========================================================================
Received Import Request.
  Time since last request: 14.419983 seconds.
  path: Assets/Controller Models/Quest 2/Oculus Touch for Quest 2/quest2_contollers_div0 1.fbx
  artifactKey: Guid(92c626c923994884aa9024e6dd8b31b4) Importer(815301076,1909f56bfc062723c751e8b465ee728b)
Start importing Assets/Controller Models/Quest 2/Oculus Touch for Quest 2/quest2_contollers_div0 1.fbx using Guid(92c626c923994884aa9024e6dd8b31b4) Importer(815301076,1909f56bfc062723c751e8b465ee728b)  -> (artifact id: '60ff84da4b853586c8b0d72e85b77700') in 0.082098 seconds 
========================================================================
Received Import Request.
  Time since last request: 0.000017 seconds.
  path: Assets/Controller Models/oculus-controller-art-v1.3/Oculus Touch for Quest & Rift S/Export/controller_r.fbx
  artifactKey: Guid(e5d0642eb424f7e44af2388332f932b0) Importer(815301076,1909f56bfc062723c751e8b465ee728b)
Start importing Assets/Controller Models/oculus-controller-art-v1.3/Oculus Touch for Quest & Rift S/Export/controller_r.fbx using Guid(e5d0642eb424f7e44af2388332f932b0) Importer(815301076,1909f56bfc062723c751e8b465ee728b)  -> (artifact id: '508f96117f4c55b9c3e085f44fd49388') in 0.037179 seconds 
========================================================================
Received Import Request.
  Time since last request: 7.159190 seconds.
  path: Assets/Model Imports/Frog/source/3D_wednesday.fbx
  artifactKey: Guid(27f4ddb3b933d97408e1dbb9b1dcd306) Importer(815301076,1909f56bfc062723c751e8b465ee728b)
Start importing Assets/Model Imports/Frog/source/3D_wednesday.fbx using Guid(27f4ddb3b933d97408e1dbb9b1dcd306) Importer(815301076,1909f56bfc062723c751e8b465ee728b)  -> (artifact id: 'ada37481cfcddf01f18c902df13c76a3') in 0.028895 seconds 
========================================================================
Received Import Request.
  Time since last request: 320.332228 seconds.
  path: Assets/Model Imports/Frog/source/3D_wednesday.fbx
  artifactKey: Guid(27f4ddb3b933d97408e1dbb9b1dcd306) Importer(815301076,1909f56bfc062723c751e8b465ee728b)
Start importing Assets/Model Imports/Frog/source/3D_wednesday.fbx using Guid(27f4ddb3b933d97408e1dbb9b1dcd306) Importer(815301076,1909f56bfc062723c751e8b465ee728b)  -> (artifact id: '378a1c02a705d0d6f183a11f8231cec8') in 0.030902 seconds 
========================================================================
Received Import Request.
  Time since last request: 13.273328 seconds.
  path: Assets/Model Imports/Frog/source/Materials/(null).mat
  artifactKey: Guid(d8781fbcd0cf6f54390254399e34849f) Importer(815301076,1909f56bfc062723c751e8b465ee728b)
Start importing Assets/Model Imports/Frog/source/Materials/(null).mat using Guid(d8781fbcd0cf6f54390254399e34849f) Importer(815301076,1909f56bfc062723c751e8b465ee728b)  -> (artifact id: 'd8ca35e5e6cf93dacf4b0958bb6668e4') in 0.006821 seconds 
========================================================================
Received Import Request.
  Time since last request: 4.720302 seconds.
  path: Assets/Model Imports/Frog/source/Materials/SPDD3R2.jpg
  artifactKey: Guid(66097b0f0247bd647b2422e6204522a6) Importer(815301076,1909f56bfc062723c751e8b465ee728b)
Start importing Assets/Model Imports/Frog/source/Materials/SPDD3R2.jpg using Guid(66097b0f0247bd647b2422e6204522a6) Importer(815301076,1909f56bfc062723c751e8b465ee728b)  -> (artifact id: '5ea723047a5adaa9f9a17016fe957263') in 0.009947 seconds 
========================================================================
Received Import Request.
  Time since last request: 41.187711 seconds.
  path: Assets/Model Imports/Frog/source/3D_wednesday.fbx
  artifactKey: Guid(27f4ddb3b933d97408e1dbb9b1dcd306) Importer(815301076,1909f56bfc062723c751e8b465ee728b)
Start importing Assets/Model Imports/Frog/source/3D_wednesday.fbx using Guid(27f4ddb3b933d97408e1dbb9b1dcd306) Importer(815301076,1909f56bfc062723c751e8b465ee728b)  -> (artifact id: '6975b7a94cda171821555e309a4c7dd6') in 0.026594 seconds 
========================================================================
Received Import Request.
  Time since last request: 0.057954 seconds.
  path: Assets/Model Imports/Frog/source/3D_wednesday.fbx
  artifactKey: Guid(27f4ddb3b933d97408e1dbb9b1dcd306) Importer(815301076,1909f56bfc062723c751e8b465ee728b)
Start importing Assets/Model Imports/Frog/source/3D_wednesday.fbx using Guid(27f4ddb3b933d97408e1dbb9b1dcd306) Importer(815301076,1909f56bfc062723c751e8b465ee728b)  -> (artifact id: 'd960f86795f8413de951736b93740dcb') in 0.028503 seconds 
========================================================================
Received Import Request.
  Time since last request: 3.537542 seconds.
  path: Assets/Model Imports/Frog/source/Materials/(null) 1.mat
  artifactKey: Guid(c057807417ad52d4b83c3dde0ac6f020) Importer(815301076,1909f56bfc062723c751e8b465ee728b)
Start importing Assets/Model Imports/Frog/source/Materials/(null) 1.mat using Guid(c057807417ad52d4b83c3dde0ac6f020) Importer(815301076,1909f56bfc062723c751e8b465ee728b)  -> (artifact id: '757840e5bf0546f15602b74423b0c548') in 0.008967 seconds 
========================================================================
Received Import Request.
  Time since last request: 459.081922 seconds.
  path: Assets/Model Imports/Frog/newFrogfbx.fbx
  artifactKey: Guid(0dec384172677354fadc91787f19ce45) Importer(815301076,1909f56bfc062723c751e8b465ee728b)
Start importing Assets/Model Imports/Frog/newFrogfbx.fbx using Guid(0dec384172677354fadc91787f19ce45) Importer(815301076,1909f56bfc062723c751e8b465ee728b)  -> (artifact id: '8d9fbef55c216f16c034a9e4b5429f8f') in 0.859550 seconds 
========================================================================
Received Import Request.
  Time since last request: 194.356541 seconds.
  path: Assets/Model Imports/Frog/newFrogfbx.fbx
  artifactKey: Guid(0dec384172677354fadc91787f19ce45) Importer(815301076,1909f56bfc062723c751e8b465ee728b)
Start importing Assets/Model Imports/Frog/newFrogfbx.fbx using Guid(0dec384172677354fadc91787f19ce45) Importer(815301076,1909f56bfc062723c751e8b465ee728b)  -> (artifact id: 'b67179ffb7d07de5b46b9301af0ad659') in 0.018252 seconds 
========================================================================
Received Import Request.
  Time since last request: 137.913480 seconds.
  path: Assets/Model Imports/Frog/Frog textures
  artifactKey: Guid(3e980a44de972854998ac20b81545edf) Importer(815301076,1909f56bfc062723c751e8b465ee728b)
Start importing Assets/Model Imports/Frog/Frog textures using Guid(3e980a44de972854998ac20b81545edf) Importer(815301076,1909f56bfc062723c751e8b465ee728b)  -> (artifact id: '3d81cb5262d866a975413ee2567b8253') in 0.003869 seconds 
========================================================================
Received Import Request.
  Time since last request: 94.475067 seconds.
  path: Assets/Model Imports/Frog/newFrogfbx.fbx
  artifactKey: Guid(0dec384172677354fadc91787f19ce45) Importer(815301076,1909f56bfc062723c751e8b465ee728b)
Start importing Assets/Model Imports/Frog/newFrogfbx.fbx using Guid(0dec384172677354fadc91787f19ce45) Importer(815301076,1909f56bfc062723c751e8b465ee728b)  -> (artifact id: 'f05f821135c716fde63309fbc50f7516') in 0.013245 seconds 
========================================================================
Received Import Request.
  Time since last request: 4.372929 seconds.
  path: Assets/Model Imports/Frog/Materials/SPDD3R2.mat
  artifactKey: Guid(de419f957d54c6b4e81d4a723685f78d) Importer(815301076,1909f56bfc062723c751e8b465ee728b)
Start importing Assets/Model Imports/Frog/Materials/SPDD3R2.mat using Guid(de419f957d54c6b4e81d4a723685f78d) Importer(815301076,1909f56bfc062723c751e8b465ee728b)  -> (artifact id: '354e2abf415c45e6ade38ebbe5ef40a7') in 0.008324 seconds 
========================================================================
Received Import Request.
  Time since last request: 10.218860 seconds.
  path: Assets/Model Imports/Frog/newFrogfbx.fbx
  artifactKey: Guid(0dec384172677354fadc91787f19ce45) Importer(815301076,1909f56bfc062723c751e8b465ee728b)
Start importing Assets/Model Imports/Frog/newFrogfbx.fbx using Guid(0dec384172677354fadc91787f19ce45) Importer(815301076,1909f56bfc062723c751e8b465ee728b)  -> (artifact id: '51faf0385dd7df698a04d3ef865bac9e') in 0.015473 seconds 
========================================================================
Received Import Request.
  Time since last request: 13.158735 seconds.
  path: Assets/Model Imports/Frog/newFrogfbx.fbm
  artifactKey: Guid(fc08996dab083d94b9a36360666af0a2) Importer(815301076,1909f56bfc062723c751e8b465ee728b)
Start importing Assets/Model Imports/Frog/newFrogfbx.fbm using Guid(fc08996dab083d94b9a36360666af0a2) Importer(815301076,1909f56bfc062723c751e8b465ee728b)  -> (artifact id: '3bef2fe6769bdc803c293e2118e11cd1') in 0.004027 seconds 
========================================================================
Received Import Request.
  Time since last request: 151.551773 seconds.
  path: Assets/Model Imports/Frog/newFrogfbx.fbx
  artifactKey: Guid(0dec384172677354fadc91787f19ce45) Importer(815301076,1909f56bfc062723c751e8b465ee728b)
Start importing Assets/Model Imports/Frog/newFrogfbx.fbx using Guid(0dec384172677354fadc91787f19ce45) Importer(815301076,1909f56bfc062723c751e8b465ee728b)  -> (artifact id: '8b1705612a7c8284a03e9b9931a9e34f') in 0.037956 seconds 
========================================================================
Received Import Request.
  Time since last request: 57.539087 seconds.
  path: Assets/Model Imports/Frog/newFrogfbx.fbx
  artifactKey: Guid(0dec384172677354fadc91787f19ce45) Importer(815301076,1909f56bfc062723c751e8b465ee728b)
Start importing Assets/Model Imports/Frog/newFrogfbx.fbx using Guid(0dec384172677354fadc91787f19ce45) Importer(815301076,1909f56bfc062723c751e8b465ee728b)  -> (artifact id: 'a94ad5db7e5934d5a83444c29d077516') in 0.037484 seconds 
========================================================================
Received Import Request.
  Time since last request: 249.890295 seconds.
  path: Assets/Prefabs/Brick.prefab
  artifactKey: Guid(4db8faa1c6601c84187d5ad01ad6f071) Importer(815301076,1909f56bfc062723c751e8b465ee728b)
Start importing Assets/Prefabs/Brick.prefab using Guid(4db8faa1c6601c84187d5ad01ad6f071) Importer(815301076,1909f56bfc062723c751e8b465ee728b)  -> (artifact id: '3565792aed3044ed9f0afc378bc8c38e') in 0.035905 seconds 
========================================================================
Received Import Request.
  Time since last request: 17.751929 seconds.
  path: Assets/Prefabs/newFrogfbx.prefab
  artifactKey: Guid(751716785a3b0804d9c667f53fc32a57) Importer(815301076,1909f56bfc062723c751e8b465ee728b)
Start importing Assets/Prefabs/newFrogfbx.prefab using Guid(751716785a3b0804d9c667f53fc32a57) Importer(815301076,1909f56bfc062723c751e8b465ee728b)  -> (artifact id: '43e6d3b5d4be0eae5d05d0e9a0baa1cd') in 0.011407 seconds 
========================================================================
Received Import Request.
  Time since last request: 18.071276 seconds.
  path: Assets/Prefabs/newFrogfbx.prefab
  artifactKey: Guid(751716785a3b0804d9c667f53fc32a57) Importer(815301076,1909f56bfc062723c751e8b465ee728b)
Start importing Assets/Prefabs/newFrogfbx.prefab using Guid(751716785a3b0804d9c667f53fc32a57) Importer(815301076,1909f56bfc062723c751e8b465ee728b)  -> (artifact id: '99bde45c1e785d592b5d3a223910c7b4') in 0.010833 seconds 
========================================================================
Received Prepare
Registering precompiled user dll's ...
Registered in 0.008271 seconds.
Begin MonoManager ReloadAssembly
Symbol file LoadedFromMemory doesn't match image D:\GitHub\gecko-prince\Library\PackageCache\com.unity.visualscripting@1.7.7\Editor\VisualScripting.Core\Dependencies\DotNetZip\Unity.VisualScripting.IonicZip.dll
Symbol file LoadedFromMemory doesn't match image D:\GitHub\gecko-prince\Library\PackageCache\com.unity.visualscripting@1.7.7\Editor\VisualScripting.Core\Dependencies\YamlDotNet\Unity.VisualScripting.YamlDotNet.dll
Native extension for WindowsStandalone target not found
Native extension for Android target not found
Refreshing native plugins compatible for Editor in 0.91 ms, found 11 plugins.
Preloading 1 native plugins for Editor in 0.06 ms.
System.Reflection.TargetInvocationException: Exception has been thrown by the target of an invocation. ---> System.NullReferenceException: Object reference not set to an instance of an object
  at Unity.XR.Oculus.OculusLoader.AssetPathToAbsolutePath (System.String assetPath) [0x00040] in D:\GitHub\gecko-prince\Library\PackageCache\com.unity.xr.oculus@1.11.2\Runtime\OculusLoader.cs:250 
  at Unity.XR.Oculus.OculusLoader.EditorLoadOVRPlugin () [0x0007b] in D:\GitHub\gecko-prince\Library\PackageCache\com.unity.xr.oculus@1.11.2\Runtime\OculusLoader.cs:235 
  at (wrapper managed-to-native) System.Reflection.RuntimeMethodInfo.InternalInvoke(System.Reflection.RuntimeMethodInfo,object,object[],System.Exception&)
  at System.Reflection.RuntimeMethodInfo.Invoke (System.Object obj, System.Reflection.BindingFlags invokeAttr, System.Reflection.Binder binder, System.Object[] parameters, System.Globalization.CultureInfo culture) [0x0006a] in <7b935204f5ff4bcab44b3b0ebca330bf>:0 
   --- End of inner exception stack trace ---
  at System.Reflection.RuntimeMethodInfo.Invoke (System.Object obj, System.Reflection.BindingFlags invokeAttr, System.Reflection.Binder binder, System.Object[] parameters, System.Globalization.CultureInfo culture) [0x00083] in <7b935204f5ff4bcab44b3b0ebca330bf>:0 
  at System.Reflection.MethodBase.Invoke (System.Object obj, System.Object[] parameters) [0x00000] in <7b935204f5ff4bcab44b3b0ebca330bf>:0 
  at UnityEditor.EditorAssemblies.ProcessInitializeOnLoadMethodAttributes () [0x000a5] in <db8aad8fcedd4e11ba6ba696cb8802a7>:0 
UnityEngine.StackTraceUtility:ExtractStackTrace ()
UnityEngine.DebugLogHandler:LogFormat (UnityEngine.LogType,UnityEngine.Object,string,object[])
UnityEngine.Logger:Log (UnityEngine.LogType,object)
UnityEngine.Debug:LogError (object)
UnityEditor.EditorAssemblies:ProcessInitializeOnLoadMethodAttributes ()

Mono: successfully reloaded assembly
- Completed reload, in  1.205 seconds
Domain Reload Profiling:
	ReloadAssembly (1205ms)
		BeginReloadAssembly (126ms)
			ExecutionOrderSort (0ms)
			DisableScriptedObjects (7ms)
			BackupInstance (0ms)
			ReleaseScriptingObjects (0ms)
			CreateAndSetChildDomain (39ms)
		EndReloadAssembly (994ms)
			LoadAssemblies (77ms)
			RebuildTransferFunctionScriptingTraits (0ms)
			SetupTypeCache (299ms)
			ReleaseScriptCaches (1ms)
			RebuildScriptCaches (39ms)
			SetupLoadedEditorAssemblies (513ms)
				LogAssemblyErrors (0ms)
				InitializePlatformSupportModulesInManaged (18ms)
				SetLoadedEditorAssemblies (0ms)
				RefreshPlugins (1ms)
				BeforeProcessingInitializeOnLoad (73ms)
				ProcessInitializeOnLoadAttributes (341ms)
				ProcessInitializeOnLoadMethodAttributes (72ms)
				AfterProcessingInitializeOnLoad (7ms)
				EditorAssembliesLoaded (0ms)
			ExecutionOrderSort2 (0ms)
			AwakeInstancesAfterBackupRestoration (9ms)
Platform modules already initialized, skipping
Refreshing native plugins compatible for Editor in 3.60 ms, found 11 plugins.
Preloading 1 native plugins for Editor in 0.04 ms.
Unloading 5782 Unused Serialized files (Serialized files now loaded: 0)
Unloading 44 unused Assets / (0.7 MB). Loaded Objects now: 6458.
Memory consumption went from 250.8 MB to 250.1 MB.
Total: 3.748500 ms (FindLiveObjects: 0.363500 ms CreateObjectMapping: 0.320300 ms MarkObjects: 2.570100 ms  DeleteObjects: 0.493700 ms)

AssetImportParameters requested are different than current active one (requested -> active):
  custom:video-decoder-ogg-theora: a1e56fd34408186e4bbccfd4996cb3dc -> 
  custom:container-muxer-webm: aa71ff27fc2769a1b78a27578f13a17b -> 
  custom:container-demuxer-webm: 4f35f7cbe854078d1ac9338744f61a02 -> 
  custom:video-encoder-webm-vp8: eb34c28f22e8b96e1ab97ce403110664 -> 
  custom:video-codec-MediaFoundation-h265: 746d11721c4dcdbdad8f713fa42b33f4 -> 
  custom:audio-encoder-webm-vorbis: bf7c407c2cedff20999df2af8eb42d56 -> 
  custom:framework-win-MediaFoundation: 216162199b28c13a410421893ffa2e32 -> 
  custom:container-demuxer-ogg: 62fdf1f143b41e24485cea50d1cbac27 -> 
  custom:video-decoder-webm-vp8: 9c59270c3fd7afecdb556c50c9e8de78 -> 
  custom:audio-decoder-ogg-vorbis: bf7c407c2cedff20999df2af8eb42d56 -> 
========================================================================
Received Import Request.
  Time since last request: 167.740059 seconds.
  path: Assets/ExampleAssets/Prefabs/Props.prefab
  artifactKey: Guid(85dfab9623c67784fa7894de63cd1604) Importer(815301076,1909f56bfc062723c751e8b465ee728b)
Start importing Assets/ExampleAssets/Prefabs/Props.prefab using Guid(85dfab9623c67784fa7894de63cd1604) Importer(815301076,1909f56bfc062723c751e8b465ee728b)  -> (artifact id: '1085fcc91df459c9bc5c8dbabf5eaf75') in 0.204058 seconds 
========================================================================
Received Import Request.
  Time since last request: 11.928981 seconds.
  path: Assets/Scripts/BrickGenerator.cs
  artifactKey: Guid(8f7736067164bb54dbbe85836a876309) Importer(815301076,1909f56bfc062723c751e8b465ee728b)
Start importing Assets/Scripts/BrickGenerator.cs using Guid(8f7736067164bb54dbbe85836a876309) Importer(815301076,1909f56bfc062723c751e8b465ee728b)  -> (artifact id: 'a0fd407acd29ce1bda4daf249863921a') in 0.025654 seconds 
========================================================================
Received Import Request.
  Time since last request: 210.367765 seconds.
  path: Assets/XRI/Settings/Resources/InteractionLayerSettings.asset
  artifactKey: Guid(87c0b56a4b1585542ab4be27e260b7d6) Importer(815301076,1909f56bfc062723c751e8b465ee728b)
Start importing Assets/XRI/Settings/Resources/InteractionLayerSettings.asset using Guid(87c0b56a4b1585542ab4be27e260b7d6) Importer(815301076,1909f56bfc062723c751e8b465ee728b)  -> (artifact id: '81fcd6a85ba8ae94252292c794f9a5c9') in 0.006025 seconds 
========================================================================
Received Import Request.
  Time since last request: 21.865390 seconds.
  path: Assets/Prefabs/newFrogfbx.prefab
  artifactKey: Guid(751716785a3b0804d9c667f53fc32a57) Importer(815301076,1909f56bfc062723c751e8b465ee728b)
Start importing Assets/Prefabs/newFrogfbx.prefab using Guid(751716785a3b0804d9c667f53fc32a57) Importer(815301076,1909f56bfc062723c751e8b465ee728b)  -> (artifact id: '8dc448702d1c1b03bcf7a2e49a0fc1a5') in 0.021215 seconds 
========================================================================
Received Import Request.
  Time since last request: 1.216239 seconds.
  path: Assets/Prefabs/newFrogfbx.prefab
  artifactKey: Guid(751716785a3b0804d9c667f53fc32a57) Importer(815301076,1909f56bfc062723c751e8b465ee728b)
Start importing Assets/Prefabs/newFrogfbx.prefab using Guid(751716785a3b0804d9c667f53fc32a57) Importer(815301076,1909f56bfc062723c751e8b465ee728b)  -> (artifact id: 'de9618e9ee33909c5ca010b2e9898771') in 0.010450 seconds 
========================================================================
Received Prepare
Registering precompiled user dll's ...
Registered in 0.007421 seconds.
Begin MonoManager ReloadAssembly
Symbol file LoadedFromMemory doesn't match image D:\GitHub\gecko-prince\Library\PackageCache\com.unity.visualscripting@1.7.7\Editor\VisualScripting.Core\Dependencies\DotNetZip\Unity.VisualScripting.IonicZip.dll
Symbol file LoadedFromMemory doesn't match image D:\GitHub\gecko-prince\Library\PackageCache\com.unity.visualscripting@1.7.7\Editor\VisualScripting.Core\Dependencies\YamlDotNet\Unity.VisualScripting.YamlDotNet.dll
Native extension for WindowsStandalone target not found
Native extension for Android target not found
Refreshing native plugins compatible for Editor in 0.91 ms, found 11 plugins.
Preloading 1 native plugins for Editor in 0.05 ms.
System.Reflection.TargetInvocationException: Exception has been thrown by the target of an invocation. ---> System.NullReferenceException: Object reference not set to an instance of an object
  at Unity.XR.Oculus.OculusLoader.AssetPathToAbsolutePath (System.String assetPath) [0x00040] in D:\GitHub\gecko-prince\Library\PackageCache\com.unity.xr.oculus@1.11.2\Runtime\OculusLoader.cs:250 
  at Unity.XR.Oculus.OculusLoader.EditorLoadOVRPlugin () [0x0007b] in D:\GitHub\gecko-prince\Library\PackageCache\com.unity.xr.oculus@1.11.2\Runtime\OculusLoader.cs:235 
  at (wrapper managed-to-native) System.Reflection.RuntimeMethodInfo.InternalInvoke(System.Reflection.RuntimeMethodInfo,object,object[],System.Exception&)
  at System.Reflection.RuntimeMethodInfo.Invoke (System.Object obj, System.Reflection.BindingFlags invokeAttr, System.Reflection.Binder binder, System.Object[] parameters, System.Globalization.CultureInfo culture) [0x0006a] in <7b935204f5ff4bcab44b3b0ebca330bf>:0 
   --- End of inner exception stack trace ---
  at System.Reflection.RuntimeMethodInfo.Invoke (System.Object obj, System.Reflection.BindingFlags invokeAttr, System.Reflection.Binder binder, System.Object[] parameters, System.Globalization.CultureInfo culture) [0x00083] in <7b935204f5ff4bcab44b3b0ebca330bf>:0 
  at System.Reflection.MethodBase.Invoke (System.Object obj, System.Object[] parameters) [0x00000] in <7b935204f5ff4bcab44b3b0ebca330bf>:0 
  at UnityEditor.EditorAssemblies.ProcessInitializeOnLoadMethodAttributes () [0x000a5] in <db8aad8fcedd4e11ba6ba696cb8802a7>:0 
UnityEngine.StackTraceUtility:ExtractStackTrace ()
UnityEngine.DebugLogHandler:LogFormat (UnityEngine.LogType,UnityEngine.Object,string,object[])
UnityEngine.Logger:Log (UnityEngine.LogType,object)
UnityEngine.Debug:LogError (object)
UnityEditor.EditorAssemblies:ProcessInitializeOnLoadMethodAttributes ()

Mono: successfully reloaded assembly
- Completed reload, in  1.207 seconds
Domain Reload Profiling:
	ReloadAssembly (1208ms)
		BeginReloadAssembly (130ms)
			ExecutionOrderSort (0ms)
			DisableScriptedObjects (7ms)
			BackupInstance (0ms)
			ReleaseScriptingObjects (0ms)
			CreateAndSetChildDomain (38ms)
		EndReloadAssembly (987ms)
			LoadAssemblies (82ms)
			RebuildTransferFunctionScriptingTraits (0ms)
			SetupTypeCache (266ms)
			ReleaseScriptCaches (2ms)
			RebuildScriptCaches (42ms)
			SetupLoadedEditorAssemblies (539ms)
				LogAssemblyErrors (0ms)
				InitializePlatformSupportModulesInManaged (17ms)
				SetLoadedEditorAssemblies (0ms)
				RefreshPlugins (1ms)
				BeforeProcessingInitializeOnLoad (72ms)
				ProcessInitializeOnLoadAttributes (361ms)
				ProcessInitializeOnLoadMethodAttributes (80ms)
				AfterProcessingInitializeOnLoad (8ms)
				EditorAssembliesLoaded (0ms)
			ExecutionOrderSort2 (0ms)
			AwakeInstancesAfterBackupRestoration (11ms)
Platform modules already initialized, skipping
Refreshing native plugins compatible for Editor in 3.50 ms, found 11 plugins.
Preloading 1 native plugins for Editor in 0.04 ms.
Unloading 5782 Unused Serialized files (Serialized files now loaded: 0)
Unloading 44 unused Assets / (0.7 MB). Loaded Objects now: 6501.
Memory consumption went from 250.9 MB to 250.2 MB.
Total: 3.344300 ms (FindLiveObjects: 0.378400 ms CreateObjectMapping: 0.339300 ms MarkObjects: 2.408100 ms  DeleteObjects: 0.217800 ms)

AssetImportParameters requested are different than current active one (requested -> active):
  custom:video-decoder-ogg-theora: a1e56fd34408186e4bbccfd4996cb3dc -> 
  custom:container-muxer-webm: aa71ff27fc2769a1b78a27578f13a17b -> 
  custom:container-demuxer-webm: 4f35f7cbe854078d1ac9338744f61a02 -> 
  custom:video-encoder-webm-vp8: eb34c28f22e8b96e1ab97ce403110664 -> 
  custom:video-codec-MediaFoundation-h265: 746d11721c4dcdbdad8f713fa42b33f4 -> 
  custom:audio-encoder-webm-vorbis: bf7c407c2cedff20999df2af8eb42d56 -> 
  custom:framework-win-MediaFoundation: 216162199b28c13a410421893ffa2e32 -> 
  custom:container-demuxer-ogg: 62fdf1f143b41e24485cea50d1cbac27 -> 
  custom:video-decoder-webm-vp8: 9c59270c3fd7afecdb556c50c9e8de78 -> 
  custom:audio-decoder-ogg-vorbis: bf7c407c2cedff20999df2af8eb42d56 -> 
========================================================================
Received Import Request.
  Time since last request: 78.942002 seconds.
  path: Assets/Prefabs/newFrogfbx.prefab
  artifactKey: Guid(751716785a3b0804d9c667f53fc32a57) Importer(815301076,1909f56bfc062723c751e8b465ee728b)
Start importing Assets/Prefabs/newFrogfbx.prefab using Guid(751716785a3b0804d9c667f53fc32a57) Importer(815301076,1909f56bfc062723c751e8b465ee728b)  -> (artifact id: 'eb8f7e227b20de7bed721e1fdf9ce670') in 0.164906 seconds 
========================================================================
Received Import Request.
  Time since last request: 23.731295 seconds.
  path: Assets/Prefabs/newFrogfbx.prefab
  artifactKey: Guid(751716785a3b0804d9c667f53fc32a57) Importer(815301076,1909f56bfc062723c751e8b465ee728b)
Start importing Assets/Prefabs/newFrogfbx.prefab using Guid(751716785a3b0804d9c667f53fc32a57) Importer(815301076,1909f56bfc062723c751e8b465ee728b)  -> (artifact id: '5b92a012ec343d7717851c0952f452af') in 0.010475 seconds 
========================================================================
Received Import Request.
  Time since last request: 3.802715 seconds.
  path: Assets/Prefabs/newFrogfbx.prefab
  artifactKey: Guid(751716785a3b0804d9c667f53fc32a57) Importer(815301076,1909f56bfc062723c751e8b465ee728b)
Start importing Assets/Prefabs/newFrogfbx.prefab using Guid(751716785a3b0804d9c667f53fc32a57) Importer(815301076,1909f56bfc062723c751e8b465ee728b)  -> (artifact id: '89ea8213d06ee097c39f213275ee24fb') in 0.010693 seconds 
========================================================================
Received Import Request.
  Time since last request: 14.951683 seconds.
  path: Assets/Prefabs/newFrogfbx.prefab
  artifactKey: Guid(751716785a3b0804d9c667f53fc32a57) Importer(815301076,1909f56bfc062723c751e8b465ee728b)
Start importing Assets/Prefabs/newFrogfbx.prefab using Guid(751716785a3b0804d9c667f53fc32a57) Importer(815301076,1909f56bfc062723c751e8b465ee728b)  -> (artifact id: 'b6e2d90264d1a2140c578a4ee70f9dae') in 0.010528 seconds 
========================================================================
Received Import Request.
  Time since last request: 4.197338 seconds.
  path: Assets/Prefabs/newFrogfbx.prefab
  artifactKey: Guid(751716785a3b0804d9c667f53fc32a57) Importer(815301076,1909f56bfc062723c751e8b465ee728b)
Start importing Assets/Prefabs/newFrogfbx.prefab using Guid(751716785a3b0804d9c667f53fc32a57) Importer(815301076,1909f56bfc062723c751e8b465ee728b)  -> (artifact id: '978e5260c95a398dd148781b2c0f589a') in 0.009748 seconds 
========================================================================
Received Prepare
Registering precompiled user dll's ...
Registered in 0.007248 seconds.
Begin MonoManager ReloadAssembly
Symbol file LoadedFromMemory doesn't match image D:\GitHub\gecko-prince\Library\PackageCache\com.unity.visualscripting@1.7.7\Editor\VisualScripting.Core\Dependencies\DotNetZip\Unity.VisualScripting.IonicZip.dll
Symbol file LoadedFromMemory doesn't match image D:\GitHub\gecko-prince\Library\PackageCache\com.unity.visualscripting@1.7.7\Editor\VisualScripting.Core\Dependencies\YamlDotNet\Unity.VisualScripting.YamlDotNet.dll
Native extension for WindowsStandalone target not found
Native extension for Android target not found
Refreshing native plugins compatible for Editor in 0.90 ms, found 11 plugins.
Preloading 1 native plugins for Editor in 0.05 ms.
System.Reflection.TargetInvocationException: Exception has been thrown by the target of an invocation. ---> System.NullReferenceException: Object reference not set to an instance of an object
  at Unity.XR.Oculus.OculusLoader.AssetPathToAbsolutePath (System.String assetPath) [0x00040] in D:\GitHub\gecko-prince\Library\PackageCache\com.unity.xr.oculus@1.11.2\Runtime\OculusLoader.cs:250 
  at Unity.XR.Oculus.OculusLoader.EditorLoadOVRPlugin () [0x0007b] in D:\GitHub\gecko-prince\Library\PackageCache\com.unity.xr.oculus@1.11.2\Runtime\OculusLoader.cs:235 
  at (wrapper managed-to-native) System.Reflection.RuntimeMethodInfo.InternalInvoke(System.Reflection.RuntimeMethodInfo,object,object[],System.Exception&)
  at System.Reflection.RuntimeMethodInfo.Invoke (System.Object obj, System.Reflection.BindingFlags invokeAttr, System.Reflection.Binder binder, System.Object[] parameters, System.Globalization.CultureInfo culture) [0x0006a] in <7b935204f5ff4bcab44b3b0ebca330bf>:0 
   --- End of inner exception stack trace ---
  at System.Reflection.RuntimeMethodInfo.Invoke (System.Object obj, System.Reflection.BindingFlags invokeAttr, System.Reflection.Binder binder, System.Object[] parameters, System.Globalization.CultureInfo culture) [0x00083] in <7b935204f5ff4bcab44b3b0ebca330bf>:0 
  at System.Reflection.MethodBase.Invoke (System.Object obj, System.Object[] parameters) [0x00000] in <7b935204f5ff4bcab44b3b0ebca330bf>:0 
  at UnityEditor.EditorAssemblies.ProcessInitializeOnLoadMethodAttributes () [0x000a5] in <db8aad8fcedd4e11ba6ba696cb8802a7>:0 
UnityEngine.StackTraceUtility:ExtractStackTrace ()
UnityEngine.DebugLogHandler:LogFormat (UnityEngine.LogType,UnityEngine.Object,string,object[])
UnityEngine.Logger:Log (UnityEngine.LogType,object)
UnityEngine.Debug:LogError (object)
UnityEditor.EditorAssemblies:ProcessInitializeOnLoadMethodAttributes ()

Mono: successfully reloaded assembly
- Completed reload, in  1.150 seconds
Domain Reload Profiling:
	ReloadAssembly (1151ms)
		BeginReloadAssembly (114ms)
			ExecutionOrderSort (0ms)
			DisableScriptedObjects (7ms)
			BackupInstance (0ms)
			ReleaseScriptingObjects (0ms)
			CreateAndSetChildDomain (35ms)
		EndReloadAssembly (960ms)
			LoadAssemblies (77ms)
			RebuildTransferFunctionScriptingTraits (0ms)
			SetupTypeCache (241ms)
			ReleaseScriptCaches (1ms)
			RebuildScriptCaches (39ms)
			SetupLoadedEditorAssemblies (532ms)
				LogAssemblyErrors (0ms)
				InitializePlatformSupportModulesInManaged (18ms)
				SetLoadedEditorAssemblies (0ms)
				RefreshPlugins (1ms)
				BeforeProcessingInitializeOnLoad (71ms)
				ProcessInitializeOnLoadAttributes (352ms)
				ProcessInitializeOnLoadMethodAttributes (80ms)
				AfterProcessingInitializeOnLoad (8ms)
				EditorAssembliesLoaded (0ms)
			ExecutionOrderSort2 (0ms)
			AwakeInstancesAfterBackupRestoration (14ms)
Platform modules already initialized, skipping
Refreshing native plugins compatible for Editor in 3.77 ms, found 11 plugins.
Preloading 1 native plugins for Editor in 0.04 ms.
Unloading 5782 Unused Serialized files (Serialized files now loaded: 0)
Unloading 44 unused Assets / (0.7 MB). Loaded Objects now: 6544.
Memory consumption went from 251.0 MB to 250.3 MB.
Total: 3.487900 ms (FindLiveObjects: 0.379600 ms CreateObjectMapping: 0.344000 ms MarkObjects: 2.530800 ms  DeleteObjects: 0.232500 ms)

AssetImportParameters requested are different than current active one (requested -> active):
  custom:video-decoder-ogg-theora: a1e56fd34408186e4bbccfd4996cb3dc -> 
  custom:container-muxer-webm: aa71ff27fc2769a1b78a27578f13a17b -> 
  custom:container-demuxer-webm: 4f35f7cbe854078d1ac9338744f61a02 -> 
  custom:video-encoder-webm-vp8: eb34c28f22e8b96e1ab97ce403110664 -> 
  custom:video-codec-MediaFoundation-h265: 746d11721c4dcdbdad8f713fa42b33f4 -> 
  custom:audio-encoder-webm-vorbis: bf7c407c2cedff20999df2af8eb42d56 -> 
  custom:framework-win-MediaFoundation: 216162199b28c13a410421893ffa2e32 -> 
  custom:container-demuxer-ogg: 62fdf1f143b41e24485cea50d1cbac27 -> 
  custom:video-decoder-webm-vp8: 9c59270c3fd7afecdb556c50c9e8de78 -> 
  custom:audio-decoder-ogg-vorbis: bf7c407c2cedff20999df2af8eb42d56 -> 
========================================================================
Received Prepare
Registering precompiled user dll's ...
Registered in 0.007471 seconds.
Begin MonoManager ReloadAssembly
Symbol file LoadedFromMemory doesn't match image D:\GitHub\gecko-prince\Library\PackageCache\com.unity.visualscripting@1.7.7\Editor\VisualScripting.Core\Dependencies\DotNetZip\Unity.VisualScripting.IonicZip.dll
Symbol file LoadedFromMemory doesn't match image D:\GitHub\gecko-prince\Library\PackageCache\com.unity.visualscripting@1.7.7\Editor\VisualScripting.Core\Dependencies\YamlDotNet\Unity.VisualScripting.YamlDotNet.dll
Native extension for WindowsStandalone target not found
Native extension for Android target not found
Refreshing native plugins compatible for Editor in 1.02 ms, found 11 plugins.
Preloading 1 native plugins for Editor in 0.06 ms.
System.Reflection.TargetInvocationException: Exception has been thrown by the target of an invocation. ---> System.NullReferenceException: Object reference not set to an instance of an object
  at Unity.XR.Oculus.OculusLoader.AssetPathToAbsolutePath (System.String assetPath) [0x00040] in D:\GitHub\gecko-prince\Library\PackageCache\com.unity.xr.oculus@1.11.2\Runtime\OculusLoader.cs:250 
  at Unity.XR.Oculus.OculusLoader.EditorLoadOVRPlugin () [0x0007b] in D:\GitHub\gecko-prince\Library\PackageCache\com.unity.xr.oculus@1.11.2\Runtime\OculusLoader.cs:235 
  at (wrapper managed-to-native) System.Reflection.RuntimeMethodInfo.InternalInvoke(System.Reflection.RuntimeMethodInfo,object,object[],System.Exception&)
  at System.Reflection.RuntimeMethodInfo.Invoke (System.Object obj, System.Reflection.BindingFlags invokeAttr, System.Reflection.Binder binder, System.Object[] parameters, System.Globalization.CultureInfo culture) [0x0006a] in <7b935204f5ff4bcab44b3b0ebca330bf>:0 
   --- End of inner exception stack trace ---
  at System.Reflection.RuntimeMethodInfo.Invoke (System.Object obj, System.Reflection.BindingFlags invokeAttr, System.Reflection.Binder binder, System.Object[] parameters, System.Globalization.CultureInfo culture) [0x00083] in <7b935204f5ff4bcab44b3b0ebca330bf>:0 
  at System.Reflection.MethodBase.Invoke (System.Object obj, System.Object[] parameters) [0x00000] in <7b935204f5ff4bcab44b3b0ebca330bf>:0 
  at UnityEditor.EditorAssemblies.ProcessInitializeOnLoadMethodAttributes () [0x000a5] in <db8aad8fcedd4e11ba6ba696cb8802a7>:0 
UnityEngine.StackTraceUtility:ExtractStackTrace ()
UnityEngine.DebugLogHandler:LogFormat (UnityEngine.LogType,UnityEngine.Object,string,object[])
UnityEngine.Logger:Log (UnityEngine.LogType,object)
UnityEngine.Debug:LogError (object)
UnityEditor.EditorAssemblies:ProcessInitializeOnLoadMethodAttributes ()

Mono: successfully reloaded assembly
- Completed reload, in  1.147 seconds
Domain Reload Profiling:
	ReloadAssembly (1148ms)
		BeginReloadAssembly (116ms)
			ExecutionOrderSort (0ms)
			DisableScriptedObjects (5ms)
			BackupInstance (0ms)
			ReleaseScriptingObjects (0ms)
			CreateAndSetChildDomain (34ms)
		EndReloadAssembly (953ms)
			LoadAssemblies (79ms)
			RebuildTransferFunctionScriptingTraits (0ms)
			SetupTypeCache (248ms)
			ReleaseScriptCaches (2ms)
			RebuildScriptCaches (42ms)
			SetupLoadedEditorAssemblies (520ms)
				LogAssemblyErrors (0ms)
				InitializePlatformSupportModulesInManaged (17ms)
				SetLoadedEditorAssemblies (0ms)
				RefreshPlugins (1ms)
				BeforeProcessingInitializeOnLoad (73ms)
				ProcessInitializeOnLoadAttributes (350ms)
				ProcessInitializeOnLoadMethodAttributes (70ms)
				AfterProcessingInitializeOnLoad (7ms)
				EditorAssembliesLoaded (0ms)
			ExecutionOrderSort2 (0ms)
			AwakeInstancesAfterBackupRestoration (10ms)
Platform modules already initialized, skipping
Refreshing native plugins compatible for Editor in 3.62 ms, found 11 plugins.
Preloading 1 native plugins for Editor in 0.04 ms.
Unloading 5783 Unused Serialized files (Serialized files now loaded: 0)
Unloading 44 unused Assets / (0.7 MB). Loaded Objects now: 6547.
Memory consumption went from 251.0 MB to 250.3 MB.
Total: 3.470800 ms (FindLiveObjects: 0.397500 ms CreateObjectMapping: 0.365900 ms MarkObjects: 2.394200 ms  DeleteObjects: 0.312500 ms)

AssetImportParameters requested are different than current active one (requested -> active):
  custom:video-decoder-ogg-theora: a1e56fd34408186e4bbccfd4996cb3dc -> 
  custom:container-muxer-webm: aa71ff27fc2769a1b78a27578f13a17b -> 
  custom:container-demuxer-webm: 4f35f7cbe854078d1ac9338744f61a02 -> 
  custom:video-encoder-webm-vp8: eb34c28f22e8b96e1ab97ce403110664 -> 
  custom:video-codec-MediaFoundation-h265: 746d11721c4dcdbdad8f713fa42b33f4 -> 
  custom:audio-encoder-webm-vorbis: bf7c407c2cedff20999df2af8eb42d56 -> 
  custom:framework-win-MediaFoundation: 216162199b28c13a410421893ffa2e32 -> 
  custom:container-demuxer-ogg: 62fdf1f143b41e24485cea50d1cbac27 -> 
  custom:video-decoder-webm-vp8: 9c59270c3fd7afecdb556c50c9e8de78 -> 
  custom:audio-decoder-ogg-vorbis: bf7c407c2cedff20999df2af8eb42d56 -> 
========================================================================
Received Prepare
Registering precompiled user dll's ...
Registered in 0.007570 seconds.
Begin MonoManager ReloadAssembly
Symbol file LoadedFromMemory doesn't match image D:\GitHub\gecko-prince\Library\PackageCache\com.unity.visualscripting@1.7.7\Editor\VisualScripting.Core\Dependencies\DotNetZip\Unity.VisualScripting.IonicZip.dll
Symbol file LoadedFromMemory doesn't match image D:\GitHub\gecko-prince\Library\PackageCache\com.unity.visualscripting@1.7.7\Editor\VisualScripting.Core\Dependencies\YamlDotNet\Unity.VisualScripting.YamlDotNet.dll
Native extension for WindowsStandalone target not found
Native extension for Android target not found
Refreshing native plugins compatible for Editor in 0.90 ms, found 11 plugins.
Preloading 1 native plugins for Editor in 0.05 ms.
System.Reflection.TargetInvocationException: Exception has been thrown by the target of an invocation. ---> System.NullReferenceException: Object reference not set to an instance of an object
  at Unity.XR.Oculus.OculusLoader.AssetPathToAbsolutePath (System.String assetPath) [0x00040] in D:\GitHub\gecko-prince\Library\PackageCache\com.unity.xr.oculus@1.11.2\Runtime\OculusLoader.cs:250 
  at Unity.XR.Oculus.OculusLoader.EditorLoadOVRPlugin () [0x0007b] in D:\GitHub\gecko-prince\Library\PackageCache\com.unity.xr.oculus@1.11.2\Runtime\OculusLoader.cs:235 
  at (wrapper managed-to-native) System.Reflection.RuntimeMethodInfo.InternalInvoke(System.Reflection.RuntimeMethodInfo,object,object[],System.Exception&)
  at System.Reflection.RuntimeMethodInfo.Invoke (System.Object obj, System.Reflection.BindingFlags invokeAttr, System.Reflection.Binder binder, System.Object[] parameters, System.Globalization.CultureInfo culture) [0x0006a] in <7b935204f5ff4bcab44b3b0ebca330bf>:0 
   --- End of inner exception stack trace ---
  at System.Reflection.RuntimeMethodInfo.Invoke (System.Object obj, System.Reflection.BindingFlags invokeAttr, System.Reflection.Binder binder, System.Object[] parameters, System.Globalization.CultureInfo culture) [0x00083] in <7b935204f5ff4bcab44b3b0ebca330bf>:0 
  at System.Reflection.MethodBase.Invoke (System.Object obj, System.Object[] parameters) [0x00000] in <7b935204f5ff4bcab44b3b0ebca330bf>:0 
  at UnityEditor.EditorAssemblies.ProcessInitializeOnLoadMethodAttributes () [0x000a5] in <db8aad8fcedd4e11ba6ba696cb8802a7>:0 
UnityEngine.StackTraceUtility:ExtractStackTrace ()
UnityEngine.DebugLogHandler:LogFormat (UnityEngine.LogType,UnityEngine.Object,string,object[])
UnityEngine.Logger:Log (UnityEngine.LogType,object)
UnityEngine.Debug:LogError (object)
UnityEditor.EditorAssemblies:ProcessInitializeOnLoadMethodAttributes ()

Mono: successfully reloaded assembly
- Completed reload, in  1.149 seconds
Domain Reload Profiling:
	ReloadAssembly (1150ms)
		BeginReloadAssembly (111ms)
			ExecutionOrderSort (0ms)
			DisableScriptedObjects (5ms)
			BackupInstance (0ms)
			ReleaseScriptingObjects (0ms)
			CreateAndSetChildDomain (33ms)
		EndReloadAssembly (961ms)
			LoadAssemblies (73ms)
			RebuildTransferFunctionScriptingTraits (0ms)
			SetupTypeCache (239ms)
			ReleaseScriptCaches (2ms)
			RebuildScriptCaches (39ms)
			SetupLoadedEditorAssemblies (542ms)
				LogAssemblyErrors (0ms)
				InitializePlatformSupportModulesInManaged (17ms)
				SetLoadedEditorAssemblies (0ms)
				RefreshPlugins (1ms)
				BeforeProcessingInitializeOnLoad (77ms)
				ProcessInitializeOnLoadAttributes (361ms)
				ProcessInitializeOnLoadMethodAttributes (77ms)
				AfterProcessingInitializeOnLoad (8ms)
				EditorAssembliesLoaded (0ms)
			ExecutionOrderSort2 (0ms)
			AwakeInstancesAfterBackupRestoration (11ms)
Platform modules already initialized, skipping
Refreshing native plugins compatible for Editor in 3.78 ms, found 11 plugins.
Preloading 1 native plugins for Editor in 0.05 ms.
Unloading 5783 Unused Serialized files (Serialized files now loaded: 0)
Unloading 44 unused Assets / (0.7 MB). Loaded Objects now: 6550.
Memory consumption went from 251.0 MB to 250.4 MB.
Total: 3.628500 ms (FindLiveObjects: 0.410100 ms CreateObjectMapping: 0.379700 ms MarkObjects: 2.598400 ms  DeleteObjects: 0.239500 ms)

AssetImportParameters requested are different than current active one (requested -> active):
  custom:video-decoder-ogg-theora: a1e56fd34408186e4bbccfd4996cb3dc -> 
  custom:container-muxer-webm: aa71ff27fc2769a1b78a27578f13a17b -> 
  custom:container-demuxer-webm: 4f35f7cbe854078d1ac9338744f61a02 -> 
  custom:video-encoder-webm-vp8: eb34c28f22e8b96e1ab97ce403110664 -> 
  custom:video-codec-MediaFoundation-h265: 746d11721c4dcdbdad8f713fa42b33f4 -> 
  custom:audio-encoder-webm-vorbis: bf7c407c2cedff20999df2af8eb42d56 -> 
  custom:framework-win-MediaFoundation: 216162199b28c13a410421893ffa2e32 -> 
  custom:container-demuxer-ogg: 62fdf1f143b41e24485cea50d1cbac27 -> 
  custom:video-decoder-webm-vp8: 9c59270c3fd7afecdb556c50c9e8de78 -> 
  custom:audio-decoder-ogg-vorbis: bf7c407c2cedff20999df2af8eb42d56 -> 
========================================================================
Received Prepare
Registering precompiled user dll's ...
Registered in 0.007518 seconds.
Begin MonoManager ReloadAssembly
Symbol file LoadedFromMemory doesn't match image D:\GitHub\gecko-prince\Library\PackageCache\com.unity.visualscripting@1.7.7\Editor\VisualScripting.Core\Dependencies\DotNetZip\Unity.VisualScripting.IonicZip.dll
Symbol file LoadedFromMemory doesn't match image D:\GitHub\gecko-prince\Library\PackageCache\com.unity.visualscripting@1.7.7\Editor\VisualScripting.Core\Dependencies\YamlDotNet\Unity.VisualScripting.YamlDotNet.dll
Native extension for WindowsStandalone target not found
Native extension for Android target not found
Refreshing native plugins compatible for Editor in 0.92 ms, found 11 plugins.
Preloading 1 native plugins for Editor in 0.05 ms.
System.Reflection.TargetInvocationException: Exception has been thrown by the target of an invocation. ---> System.NullReferenceException: Object reference not set to an instance of an object
  at Unity.XR.Oculus.OculusLoader.AssetPathToAbsolutePath (System.String assetPath) [0x00040] in D:\GitHub\gecko-prince\Library\PackageCache\com.unity.xr.oculus@1.11.2\Runtime\OculusLoader.cs:250 
  at Unity.XR.Oculus.OculusLoader.EditorLoadOVRPlugin () [0x0007b] in D:\GitHub\gecko-prince\Library\PackageCache\com.unity.xr.oculus@1.11.2\Runtime\OculusLoader.cs:235 
  at (wrapper managed-to-native) System.Reflection.RuntimeMethodInfo.InternalInvoke(System.Reflection.RuntimeMethodInfo,object,object[],System.Exception&)
  at System.Reflection.RuntimeMethodInfo.Invoke (System.Object obj, System.Reflection.BindingFlags invokeAttr, System.Reflection.Binder binder, System.Object[] parameters, System.Globalization.CultureInfo culture) [0x0006a] in <7b935204f5ff4bcab44b3b0ebca330bf>:0 
   --- End of inner exception stack trace ---
  at System.Reflection.RuntimeMethodInfo.Invoke (System.Object obj, System.Reflection.BindingFlags invokeAttr, System.Reflection.Binder binder, System.Object[] parameters, System.Globalization.CultureInfo culture) [0x00083] in <7b935204f5ff4bcab44b3b0ebca330bf>:0 
  at System.Reflection.MethodBase.Invoke (System.Object obj, System.Object[] parameters) [0x00000] in <7b935204f5ff4bcab44b3b0ebca330bf>:0 
  at UnityEditor.EditorAssemblies.ProcessInitializeOnLoadMethodAttributes () [0x000a5] in <db8aad8fcedd4e11ba6ba696cb8802a7>:0 
UnityEngine.StackTraceUtility:ExtractStackTrace ()
UnityEngine.DebugLogHandler:LogFormat (UnityEngine.LogType,UnityEngine.Object,string,object[])
UnityEngine.Logger:Log (UnityEngine.LogType,object)
UnityEngine.Debug:LogError (object)
UnityEditor.EditorAssemblies:ProcessInitializeOnLoadMethodAttributes ()

Mono: successfully reloaded assembly
- Completed reload, in  1.201 seconds
Domain Reload Profiling:
	ReloadAssembly (1201ms)
		BeginReloadAssembly (119ms)
			ExecutionOrderSort (0ms)
			DisableScriptedObjects (6ms)
			BackupInstance (0ms)
			ReleaseScriptingObjects (0ms)
			CreateAndSetChildDomain (34ms)
		EndReloadAssembly (1004ms)
			LoadAssemblies (86ms)
			RebuildTransferFunctionScriptingTraits (0ms)
			SetupTypeCache (264ms)
			ReleaseScriptCaches (2ms)
			RebuildScriptCaches (42ms)
			SetupLoadedEditorAssemblies (543ms)
				LogAssemblyErrors (0ms)
				InitializePlatformSupportModulesInManaged (18ms)
				SetLoadedEditorAssemblies (0ms)
				RefreshPlugins (1ms)
				BeforeProcessingInitializeOnLoad (81ms)
				ProcessInitializeOnLoadAttributes (365ms)
				ProcessInitializeOnLoadMethodAttributes (70ms)
				AfterProcessingInitializeOnLoad (8ms)
				EditorAssembliesLoaded (0ms)
			ExecutionOrderSort2 (0ms)
			AwakeInstancesAfterBackupRestoration (15ms)
Platform modules already initialized, skipping
Refreshing native plugins compatible for Editor in 3.45 ms, found 11 plugins.
Preloading 1 native plugins for Editor in 0.04 ms.
Unloading 5783 Unused Serialized files (Serialized files now loaded: 0)
Unloading 44 unused Assets / (0.7 MB). Loaded Objects now: 6553.
Memory consumption went from 251.0 MB to 250.4 MB.
Total: 3.708900 ms (FindLiveObjects: 0.477100 ms CreateObjectMapping: 0.434900 ms MarkObjects: 2.550600 ms  DeleteObjects: 0.245600 ms)

AssetImportParameters requested are different than current active one (requested -> active):
  custom:video-decoder-ogg-theora: a1e56fd34408186e4bbccfd4996cb3dc -> 
  custom:container-muxer-webm: aa71ff27fc2769a1b78a27578f13a17b -> 
  custom:container-demuxer-webm: 4f35f7cbe854078d1ac9338744f61a02 -> 
  custom:video-encoder-webm-vp8: eb34c28f22e8b96e1ab97ce403110664 -> 
  custom:video-codec-MediaFoundation-h265: 746d11721c4dcdbdad8f713fa42b33f4 -> 
  custom:audio-encoder-webm-vorbis: bf7c407c2cedff20999df2af8eb42d56 -> 
  custom:framework-win-MediaFoundation: 216162199b28c13a410421893ffa2e32 -> 
  custom:container-demuxer-ogg: 62fdf1f143b41e24485cea50d1cbac27 -> 
  custom:video-decoder-webm-vp8: 9c59270c3fd7afecdb556c50c9e8de78 -> 
  custom:audio-decoder-ogg-vorbis: bf7c407c2cedff20999df2af8eb42d56 -> 
